# JRE version: Java(TM) SE Runtime Environment (7.0_79-b15) (build 1.7.0_79-b15)
# Java VM: Java HotSpot(TM) 64-Bit Server VM (24.79-b02 mixed mode windows-amd64 compressed oops)
Heap
 def new generation   total 8448K, used 4466K [0x00000000df800000, 0x00000000e0120000, 0x00000000e8a00000)
  eden space 7552K,  58% used [0x00000000df800000, 0x00000000dfc4b880, 0x00000000dff60000)
  from space 896K,   7% used [0x00000000dff60000, 0x00000000dff71178, 0x00000000e0040000)
  to   space 896K,   0% used [0x00000000e0040000, 0x00000000e0040000, 0x00000000e0120000)
 tenured generation   total 18688K, used 5944K [0x00000000e8a00000, 0x00000000e9c40000, 0x00000000fae00000)
   the space 18688K,  31% used [0x00000000e8a00000, 0x00000000e8fce208, 0x00000000e8fce400, 0x00000000e9c40000)
 compacting perm gen  total 21248K, used 13098K [0x00000000fae00000, 0x00000000fc2c0000, 0x0000000100000000)
   the space 21248K,  61% used [0x00000000fae00000, 0x00000000fbacab08, 0x00000000fbacac00, 0x00000000fc2c0000)
GC Heap History (10 events):
Event: 504.912 GC heap before
{Heap before GC invocations=19 (full 0):
 def new generation   total 8448K, used 7648K [0x00000000df800000, 0x00000000e0120000, 0x00000000e8a00000)
  eden space 7552K, 100% used [0x00000000df800000, 0x00000000dff60000, 0x00000000dff60000)
  from space 896K,  10% used [0x00000000e0040000, 0x00000000e0058178, 0x00000000e0120000)
  to   space 896K,   0% used [0x00000000dff60000, 0x00000000dff60000, 0x00000000e0040000)
 tenured generation   total 18688K, used 5928K [0x00000000e8a00000, 0x00000000e9c40000, 0x00000000fae00000)
   the space 18688K,  31% used [0x00000000e8a00000, 0x00000000e8fca2b8, 0x00000000e8fca400, 0x00000000e9c40000)
 compacting perm gen  total 21248K, used 13062K [0x00000000fae00000, 0x00000000fc2c0000, 0x0000000100000000)
   the space 21248K,  61% used [0x00000000fae00000, 0x00000000fbac1bd0, 0x00000000fbac1c00, 0x00000000fc2c0000)
No shared spaces configured.
Event: 504.914 GC heap after
Heap after GC invocations=20 (full 0):
 def new generation   total 8448K, used 53K [0x00000000df800000, 0x00000000e0120000, 0x00000000e8a00000)
  eden space 7552K,   0% used [0x00000000df800000, 0x00000000df800000, 0x00000000dff60000)
  from space 896K,   5% used [0x00000000dff60000, 0x00000000dff6d568, 0x00000000e0040000)
  to   space 896K,   0% used [0x00000000e0040000, 0x00000000e0040000, 0x00000000e0120000)
 tenured generation   total 18688K, used 5940K [0x00000000e8a00000, 0x00000000e9c40000, 0x00000000fae00000)
   the space 18688K,  31% used [0x00000000e8a00000, 0x00000000e8fcd138, 0x00000000e8fcd200, 0x00000000e9c40000)
 compacting perm gen  total 21248K, used 13062K [0x00000000fae00000, 0x00000000fc2c0000, 0x0000000100000000)
   the space 21248K,  61% used [0x00000000fae00000, 0x00000000fbac1bd0, 0x00000000fbac1c00, 0x00000000fc2c0000)
No shared spaces configured.
}
Event: 507.809 GC heap before
{Heap before GC invocations=20 (full 0):
 def new generation   total 8448K, used 7605K [0x00000000df800000, 0x00000000e0120000, 0x00000000e8a00000)
  eden space 7552K, 100% used [0x00000000df800000, 0x00000000dff60000, 0x00000000dff60000)
  from space 896K,   5% used [0x00000000dff60000, 0x00000000dff6d568, 0x00000000e0040000)
  to   space 896K,   0% used [0x00000000e0040000, 0x00000000e0040000, 0x00000000e0120000)
 tenured generation   total 18688K, used 5940K [0x00000000e8a00000, 0x00000000e9c40000, 0x00000000fae00000)
   the space 18688K,  31% used [0x00000000e8a00000, 0x00000000e8fcd138, 0x00000000e8fcd200, 0x00000000e9c40000)
 compacting perm gen  total 21248K, used 13070K [0x00000000fae00000, 0x00000000fc2c0000, 0x0000000100000000)
   the space 21248K,  61% used [0x00000000fae00000, 0x00000000fbac3bd8, 0x00000000fbac3c00, 0x00000000fc2c0000)
No shared spaces configured.
Event: 507.811 GC heap after
Heap after GC invocations=21 (full 0):
 def new generation   total 8448K, used 88K [0x00000000df800000, 0x00000000e0120000, 0x00000000e8a00000)
  eden space 7552K,   0% used [0x00000000df800000, 0x00000000df800000, 0x00000000dff60000)
  from space 896K,   9% used [0x00000000e0040000, 0x00000000e00560c0, 0x00000000e0120000)
  to   space 896K,   0% used [0x00000000dff60000, 0x00000000dff60000, 0x00000000e0040000)
 tenured generation   total 18688K, used 5941K [0x00000000e8a00000, 0x00000000e9c40000, 0x00000000fae00000)
   the space 18688K,  31% used [0x00000000e8a00000, 0x00000000e8fcd7e8, 0x00000000e8fcd800, 0x00000000e9c40000)
 compacting perm gen  total 21248K, used 13070K [0x00000000fae00000, 0x00000000fc2c0000, 0x0000000100000000)
   the space 21248K,  61% used [0x00000000fae00000, 0x00000000fbac3bd8, 0x00000000fbac3c00, 0x00000000fc2c0000)
No shared spaces configured.
}
Event: 510.770 GC heap before
{Heap before GC invocations=21 (full 0):
 def new generation   total 8448K, used 7640K [0x00000000df800000, 0x00000000e0120000, 0x00000000e8a00000)
  eden space 7552K, 100% used [0x00000000df800000, 0x00000000dff60000, 0x00000000dff60000)
  from space 896K,   9% used [0x00000000e0040000, 0x00000000e00560c0, 0x00000000e0120000)
  to   space 896K,   0% used [0x00000000dff60000, 0x00000000dff60000, 0x00000000e0040000)
 tenured generation   total 18688K, used 5941K [0x00000000e8a00000, 0x00000000e9c40000, 0x00000000fae00000)
   the space 18688K,  31% used [0x00000000e8a00000, 0x00000000e8fcd7e8, 0x00000000e8fcd800, 0x00000000e9c40000)
 compacting perm gen  total 21248K, used 13073K [0x00000000fae00000, 0x00000000fc2c0000, 0x0000000100000000)
   the space 21248K,  61% used [0x00000000fae00000, 0x00000000fbac4538, 0x00000000fbac4600, 0x00000000fc2c0000)
No shared spaces configured.
Event: 510.771 GC heap after
Heap after GC invocations=22 (full 0):
 def new generation   total 8448K, used 57K [0x00000000df800000, 0x00000000e0120000, 0x00000000e8a00000)
  eden space 7552K,   0% used [0x00000000df800000, 0x00000000df800000, 0x00000000dff60000)
  from space 896K,   6% used [0x00000000dff60000, 0x00000000dff6e6d8, 0x00000000e0040000)
  to   space 896K,   0% used [0x00000000e0040000, 0x00000000e0040000, 0x00000000e0120000)
 tenured generation   total 18688K, used 5942K [0x00000000e8a00000, 0x00000000e9c40000, 0x00000000fae00000)
   the space 18688K,  31% used [0x00000000e8a00000, 0x00000000e8fcdbc8, 0x00000000e8fcdc00, 0x00000000e9c40000)
 compacting perm gen  total 21248K, used 13073K [0x00000000fae00000, 0x00000000fc2c0000, 0x0000000100000000)
   the space 21248K,  61% used [0x00000000fae00000, 0x00000000fbac4538, 0x00000000fbac4600, 0x00000000fc2c0000)
No shared spaces configured.
}
Event: 513.617 GC heap before
{Heap before GC invocations=22 (full 0):
 def new generation   total 8448K, used 7609K [0x00000000df800000, 0x00000000e0120000, 0x00000000e8a00000)
  eden space 7552K, 100% used [0x00000000df800000, 0x00000000dff60000, 0x00000000dff60000)
  from space 896K,   6% used [0x00000000dff60000, 0x00000000dff6e6d8, 0x00000000e0040000)
  to   space 896K,   0% used [0x00000000e0040000, 0x00000000e0040000, 0x00000000e0120000)
 tenured generation   total 18688K, used 5942K [0x00000000e8a00000, 0x00000000e9c40000, 0x00000000fae00000)
   the space 18688K,  31% used [0x00000000e8a00000, 0x00000000e8fcdbc8, 0x00000000e8fcdc00, 0x00000000e9c40000)
 compacting perm gen  total 21248K, used 13080K [0x00000000fae00000, 0x00000000fc2c0000, 0x0000000100000000)
   the space 21248K,  61% used [0x00000000fae00000, 0x00000000fbac6188, 0x00000000fbac6200, 0x00000000fc2c0000)
No shared spaces configured.
Event: 513.618 GC heap after
Heap after GC invocations=23 (full 0):
 def new generation   total 8448K, used 83K [0x00000000df800000, 0x00000000e0120000, 0x00000000e8a00000)
  eden space 7552K,   0% used [0x00000000df800000, 0x00000000df800000, 0x00000000dff60000)
  from space 896K,   9% used [0x00000000e0040000, 0x00000000e0054f38, 0x00000000e0120000)
  to   space 896K,   0% used [0x00000000dff60000, 0x00000000dff60000, 0x00000000e0040000)
 tenured generation   total 18688K, used 5944K [0x00000000e8a00000, 0x00000000e9c40000, 0x00000000fae00000)
   the space 18688K,  31% used [0x00000000e8a00000, 0x00000000e8fce130, 0x00000000e8fce200, 0x00000000e9c40000)
 compacting perm gen  total 21248K, used 13080K [0x00000000fae00000, 0x00000000fc2c0000, 0x0000000100000000)
   the space 21248K,  61% used [0x00000000fae00000, 0x00000000fbac6188, 0x00000000fbac6200, 0x00000000fc2c0000)
No shared spaces configured.
}
Event: 515.963 GC heap before
{Heap before GC invocations=23 (full 0):
 def new generation   total 8448K, used 7635K [0x00000000df800000, 0x00000000e0120000, 0x00000000e8a00000)
  eden space 7552K, 100% used [0x00000000df800000, 0x00000000dff60000, 0x00000000dff60000)
  from space 896K,   9% used [0x00000000e0040000, 0x00000000e0054f38, 0x00000000e0120000)
  to   space 896K,   0% used [0x00000000dff60000, 0x00000000dff60000, 0x00000000e0040000)
 tenured generation   total 18688K, used 5944K [0x00000000e8a00000, 0x00000000e9c40000, 0x00000000fae00000)
   the space 18688K,  31% used [0x00000000e8a00000, 0x00000000e8fce130, 0x00000000e8fce200, 0x00000000e9c40000)
 compacting perm gen  total 21248K, used 13084K [0x00000000fae00000, 0x00000000fc2c0000, 0x0000000100000000)
   the space 21248K,  61% used [0x00000000fae00000, 0x00000000fbac70f8, 0x00000000fbac7200, 0x00000000fc2c0000)
No shared spaces configured.
Event: 515.965 GC heap after
Heap after GC invocations=24 (full 0):
 def new generation   total 8448K, used 68K [0x00000000df800000, 0x00000000e0120000, 0x00000000e8a00000)
  eden space 7552K,   0% used [0x00000000df800000, 0x00000000df800000, 0x00000000dff60000)
  from space 896K,   7% used [0x00000000dff60000, 0x00000000dff71178, 0x00000000e0040000)
  to   space 896K,   0% used [0x00000000e0040000, 0x00000000e0040000, 0x00000000e0120000)
 tenured generation   total 18688K, used 5944K [0x00000000e8a00000, 0x00000000e9c40000, 0x00000000fae00000)
   the space 18688K,  31% used [0x00000000e8a00000, 0x00000000e8fce208, 0x00000000e8fce400, 0x00000000e9c40000)
 compacting perm gen  total 21248K, used 13084K [0x00000000fae00000, 0x00000000fc2c0000, 0x0000000100000000)
   the space 21248K,  61% used [0x00000000fae00000, 0x00000000fbac70f8, 0x00000000fbac7200, 0x00000000fc2c0000)
No shared spaces configured.
}

